
----
Test: tests/test_user_get.py::TestUserGet::test_user_details_not_auth (call)
Time: 2021-07-16 14:58:54.623979
Request method: GET
Request url: https://playground.learnqa.ru/api/user/2
Request data: None
Request headers: {}
Request cookies: None

Response code: 200
Response text: {"username":"Vitaliy"}
Response header: {'Date': 'Fri, 16 Jul 2021 11:58:55 GMT', 'Content-Type': 'application/json', 'Transfer-Encoding': 'chunked', 'Connection': 'keep-alive', 'Keep-Alive': 'timeout=10', 'Vary': 'Accept-Encoding', 'Server': 'Apache', 'Cache-Control': 'max-age=0', 'Expires': 'Fri, 16 Jul 2021 11:58:55 GMT', 'Content-Encoding': 'gzip'}
Response cookies: {}

-----

----
Test: tests/test_user_get.py::TestUserGet::test_get_user_details_auth_as_same_user (call)
Time: 2021-07-16 14:58:55.263333
Request method: POST
Request url: https://playground.learnqa.ru/api/user/login
Request data: {'email': 'vinkotov@example.com', 'password': '1234'}
Request headers: {}
Request cookies: None

Response code: 200
Response text: {"user_id":2}
Response header: {'Date': 'Fri, 16 Jul 2021 11:58:55 GMT', 'Content-Type': 'application/json', 'Content-Length': '13', 'Connection': 'keep-alive', 'Keep-Alive': 'timeout=10', 'Server': 'Apache', 'Set-Cookie': 'auth_sid=81bf51b66df19cb4f346e289724e539402e94918f1549272bcf2cafc2634fd9d', 'x-csrf-token': '6f1d65e53e40495fab3ba13f0f0acb7f1dab232d02e94918f1549272bcf2cafc2634fd9d', 'Cache-Control': 'max-age=0', 'Expires': 'Fri, 16 Jul 2021 11:58:55 GMT'}
Response cookies: {'auth_sid': '81bf51b66df19cb4f346e289724e539402e94918f1549272bcf2cafc2634fd9d'}

-----

----
Test: tests/test_user_get.py::TestUserGet::test_get_user_details_auth_as_same_user (call)
Time: 2021-07-16 14:58:55.383013
Request method: GET
Request url: https://playground.learnqa.ru/api/user/2
Request data: None
Request headers: {'x-csrf-token': '6f1d65e53e40495fab3ba13f0f0acb7f1dab232d02e94918f1549272bcf2cafc2634fd9d'}
Request cookies: {'auth_sid': '81bf51b66df19cb4f346e289724e539402e94918f1549272bcf2cafc2634fd9d'}

Response code: 200
Response text: {"id":"2","username":"Vitaliy","email":"vinkotov@example.com","firstName":"Vitalii","lastName":"Kotov"}
Response header: {'Date': 'Fri, 16 Jul 2021 11:58:56 GMT', 'Content-Type': 'application/json', 'Transfer-Encoding': 'chunked', 'Connection': 'keep-alive', 'Keep-Alive': 'timeout=10', 'Vary': 'Accept-Encoding', 'Server': 'Apache', 'Cache-Control': 'max-age=0', 'Expires': 'Fri, 16 Jul 2021 11:58:56 GMT', 'Content-Encoding': 'gzip'}
Response cookies: {}

-----

----
Test: tests/test_user_get.py::TestUserGet::test_get_user_details_auth_as_another_user (call)
Time: 2021-07-16 14:58:56.009196
Request method: POST
Request url: https://playground.learnqa.ru/api/user/login
Request data: {'email': 'vinkotov@example.com', 'password': '1234'}
Request headers: {}
Request cookies: None

Response code: 200
Response text: {"user_id":2}
Response header: {'Date': 'Fri, 16 Jul 2021 11:58:56 GMT', 'Content-Type': 'application/json', 'Content-Length': '13', 'Connection': 'keep-alive', 'Keep-Alive': 'timeout=10', 'Server': 'Apache', 'Set-Cookie': 'auth_sid=b11cbd0300105fe6dc4a2c1954f3722102e94918f1549272bcf2cafc2634fd9d', 'x-csrf-token': '5562788a35490dea09218a104f1269a3f696cacc02e94918f1549272bcf2cafc2634fd9d', 'Cache-Control': 'max-age=0', 'Expires': 'Fri, 16 Jul 2021 11:58:56 GMT'}
Response cookies: {'auth_sid': 'b11cbd0300105fe6dc4a2c1954f3722102e94918f1549272bcf2cafc2634fd9d'}

-----

----
Test: tests/test_user_get.py::TestUserGet::test_get_user_details_auth_as_another_user (call)
Time: 2021-07-16 14:58:56.080593
Request method: GET
Request url: https://playground.learnqa.ru/api/user/1
Request data: None
Request headers: {'x-csrf-token': '5562788a35490dea09218a104f1269a3f696cacc02e94918f1549272bcf2cafc2634fd9d'}
Request cookies: {'auth_sid': 'b11cbd0300105fe6dc4a2c1954f3722102e94918f1549272bcf2cafc2634fd9d'}

Response code: 200
Response text: {"username":"Lana"}
Response header: {'Date': 'Fri, 16 Jul 2021 11:58:57 GMT', 'Content-Type': 'application/json', 'Content-Length': '19', 'Connection': 'keep-alive', 'Keep-Alive': 'timeout=10', 'Server': 'Apache', 'Cache-Control': 'max-age=0', 'Expires': 'Fri, 16 Jul 2021 11:58:56 GMT'}
Response cookies: {}

-----
